21 Mar 2023 08:53:04,969 TRACE OnwardTravel.repository.repository.database.UserDbRepository 20 <init> - Enter Initializing UserDbRepository with properties: {db.user=postgres, db.pass=postgres, db.url=jdbc:postgresql://localhost:5432/network}
21 Mar 2023 08:53:04,972 TRACE OnwardTravel.repository.repository.database.UserDbRepository 62 find - Enter ID of the user to find: 39630fbb-2caa-49b8-8f48-bab8435a2781
21 Mar 2023 08:53:04,972 TRACE OnwardTravel.repository.repository.database.DbUtils 42 getConnection - Enter
21 Mar 2023 08:53:04,972 INFO  OnwardTravel.repository.repository.database.DbUtils 43 getConnection - Getting a connection to the repository.database: jdbc:postgresql://localhost:5432/network
21 Mar 2023 08:53:04,972 TRACE OnwardTravel.repository.repository.database.DbUtils 24 getNewConnection - Enter
21 Mar 2023 08:53:04,973 INFO  OnwardTravel.repository.repository.database.DbUtils 28 getNewConnection - Connecting to the repository.database jdbc:postgresql://localhost:5432/network
21 Mar 2023 08:53:04,973 INFO  OnwardTravel.repository.repository.database.DbUtils 29 getNewConnection - Username: postgres
21 Mar 2023 08:53:04,973 INFO  OnwardTravel.repository.repository.database.DbUtils 30 getNewConnection - Password: postgres
21 Mar 2023 08:53:05,229 TRACE OnwardTravel.repository.repository.database.DbUtils 34 getNewConnection - Exit with(org.postgresql.jdbc.PgConnection@f475e6b)
21 Mar 2023 08:53:05,230 TRACE OnwardTravel.repository.repository.database.DbUtils 48 getConnection - Exit with(org.postgresql.jdbc.PgConnection@f475e6b)
21 Mar 2023 08:53:05,234 ERROR OnwardTravel.repository.repository.database.UserDbRepository 68 find - org.postgresql.util.PSQLException: This connection has been closed.
21 Mar 2023 08:55:31,864 TRACE OnwardTravel.repository.repository.database.UserDbRepository 21 <init> - Enter Initializing UserDbRepository with properties: {db.user=postgres, db.pass=postgres, db.url=jdbc:postgresql://localhost:5432/network}
21 Mar 2023 08:55:31,870 TRACE OnwardTravel.repository.repository.database.UserDbRepository 63 find - Enter ID of the user to find: 39630fbb-2caa-49b8-8f48-bab8435a2781
21 Mar 2023 08:55:31,870 TRACE OnwardTravel.repository.repository.database.DbUtils 42 getConnection - Enter
21 Mar 2023 08:55:31,870 INFO  OnwardTravel.repository.repository.database.DbUtils 43 getConnection - Getting a connection to the repository.database: jdbc:postgresql://localhost:5432/network
21 Mar 2023 08:55:31,870 TRACE OnwardTravel.repository.repository.database.DbUtils 24 getNewConnection - Enter
21 Mar 2023 08:55:31,871 INFO  OnwardTravel.repository.repository.database.DbUtils 28 getNewConnection - Connecting to the repository.database jdbc:postgresql://localhost:5432/network
21 Mar 2023 08:55:31,871 INFO  OnwardTravel.repository.repository.database.DbUtils 29 getNewConnection - Username: postgres
21 Mar 2023 08:55:31,871 INFO  OnwardTravel.repository.repository.database.DbUtils 30 getNewConnection - Password: postgres
21 Mar 2023 08:55:32,126 TRACE OnwardTravel.repository.repository.database.DbUtils 34 getNewConnection - Exit with(org.postgresql.jdbc.PgConnection@7d3089d1)
21 Mar 2023 08:55:32,128 TRACE OnwardTravel.repository.repository.database.DbUtils 48 getConnection - Exit with(org.postgresql.jdbc.PgConnection@7d3089d1)
21 Mar 2023 08:55:32,132 ERROR OnwardTravel.repository.repository.database.UserDbRepository 70 find - org.postgresql.util.PSQLException: This connection has been closed.
21 Mar 2023 08:56:49,329 TRACE OnwardTravel.repository.repository.database.UserDbRepository 21 <init> - Enter Initializing UserDbRepository with properties: {db.user=postgres, db.pass=postgres, db.url=jdbc:postgresql://localhost:5432/network}
21 Mar 2023 08:56:49,334 TRACE OnwardTravel.repository.repository.database.UserDbRepository 63 find - Enter ID of the user to find: 39630fbb-2caa-49b8-8f48-bab8435a2781
21 Mar 2023 08:56:49,334 TRACE OnwardTravel.repository.repository.database.DbUtils 42 getConnection - Enter
21 Mar 2023 08:56:49,335 INFO  OnwardTravel.repository.repository.database.DbUtils 43 getConnection - Getting a connection to the repository.database: jdbc:postgresql://localhost:5432/network
21 Mar 2023 08:56:49,335 TRACE OnwardTravel.repository.repository.database.DbUtils 24 getNewConnection - Enter
21 Mar 2023 08:56:49,335 INFO  OnwardTravel.repository.repository.database.DbUtils 28 getNewConnection - Connecting to the repository.database jdbc:postgresql://localhost:5432/network
21 Mar 2023 08:56:49,336 INFO  OnwardTravel.repository.repository.database.DbUtils 29 getNewConnection - Username: postgres
21 Mar 2023 08:56:49,336 INFO  OnwardTravel.repository.repository.database.DbUtils 30 getNewConnection - Password: postgres
21 Mar 2023 08:56:49,704 TRACE OnwardTravel.repository.repository.database.DbUtils 34 getNewConnection - Exit with(org.postgresql.jdbc.PgConnection@a26a750)
21 Mar 2023 08:56:49,705 TRACE OnwardTravel.repository.repository.database.DbUtils 48 getConnection - Exit with(org.postgresql.jdbc.PgConnection@a26a750)
21 Mar 2023 08:56:49,709 ERROR OnwardTravel.repository.repository.database.UserDbRepository 77 find - org.postgresql.util.PSQLException: This connection has been closed.
21 Mar 2023 08:57:15,438 TRACE OnwardTravel.repository.repository.database.UserDbRepository 21 <init> - Enter Initializing UserDbRepository with properties: {db.user=postgres, db.pass=postgres, db.url=jdbc:postgresql://localhost:5432/network}
21 Mar 2023 08:57:15,443 TRACE OnwardTravel.repository.repository.database.UserDbRepository 63 find - Enter ID of the user to find: 39630fbb-2caa-49b8-8f48-bab8435a2781
21 Mar 2023 08:57:15,443 TRACE OnwardTravel.repository.repository.database.DbUtils 42 getConnection - Enter
21 Mar 2023 08:57:15,444 INFO  OnwardTravel.repository.repository.database.DbUtils 43 getConnection - Getting a connection to the repository.database: jdbc:postgresql://localhost:5432/network
21 Mar 2023 08:57:15,444 TRACE OnwardTravel.repository.repository.database.DbUtils 24 getNewConnection - Enter
21 Mar 2023 08:57:15,444 INFO  OnwardTravel.repository.repository.database.DbUtils 28 getNewConnection - Connecting to the repository.database jdbc:postgresql://localhost:5432/network
21 Mar 2023 08:57:15,444 INFO  OnwardTravel.repository.repository.database.DbUtils 29 getNewConnection - Username: postgres
21 Mar 2023 08:57:15,445 INFO  OnwardTravel.repository.repository.database.DbUtils 30 getNewConnection - Password: postgres
21 Mar 2023 08:57:15,691 TRACE OnwardTravel.repository.repository.database.DbUtils 34 getNewConnection - Exit with(org.postgresql.jdbc.PgConnection@2dbd2d8b)
21 Mar 2023 08:57:15,692 TRACE OnwardTravel.repository.repository.database.DbUtils 48 getConnection - Exit with(org.postgresql.jdbc.PgConnection@2dbd2d8b)
21 Mar 2023 08:57:15,695 ERROR OnwardTravel.repository.repository.database.UserDbRepository 77 find - org.postgresql.util.PSQLException: This connection has been closed.
21 Mar 2023 08:57:39,230 TRACE OnwardTravel.repository.repository.database.UserDbRepository 21 <init> - Enter Initializing UserDbRepository with properties: {db.user=postgres, db.pass=postgres, db.url=jdbc:postgresql://localhost:5432/network}
21 Mar 2023 08:57:39,235 TRACE OnwardTravel.repository.repository.database.UserDbRepository 63 find - Enter ID of the user to find: 39630fbb-2caa-49b8-8f48-bab8435a2781
21 Mar 2023 08:57:50,874 TRACE OnwardTravel.repository.repository.database.DbUtils 42 getConnection - Enter
21 Mar 2023 08:57:50,875 INFO  OnwardTravel.repository.repository.database.DbUtils 43 getConnection - Getting a connection to the repository.database: jdbc:postgresql://localhost:5432/network
21 Mar 2023 08:57:50,875 TRACE OnwardTravel.repository.repository.database.DbUtils 24 getNewConnection - Enter
21 Mar 2023 08:57:50,875 INFO  OnwardTravel.repository.repository.database.DbUtils 28 getNewConnection - Connecting to the repository.database jdbc:postgresql://localhost:5432/network
21 Mar 2023 08:57:50,875 INFO  OnwardTravel.repository.repository.database.DbUtils 29 getNewConnection - Username: postgres
21 Mar 2023 08:57:50,876 INFO  OnwardTravel.repository.repository.database.DbUtils 30 getNewConnection - Password: postgres
21 Mar 2023 08:57:51,265 TRACE OnwardTravel.repository.repository.database.DbUtils 34 getNewConnection - Exit with(org.postgresql.jdbc.PgConnection@70ec3faa)
21 Mar 2023 08:57:51,266 TRACE OnwardTravel.repository.repository.database.DbUtils 48 getConnection - Exit with(org.postgresql.jdbc.PgConnection@70ec3faa)
21 Mar 2023 08:57:51,272 ERROR OnwardTravel.repository.repository.database.UserDbRepository 77 find - org.postgresql.util.PSQLException: This connection has been closed.
21 Mar 2023 08:58:24,089 TRACE OnwardTravel.repository.repository.database.UserDbRepository 21 <init> - Enter Initializing UserDbRepository with properties: {db.user=postgres, db.pass=postgres, db.url=jdbc:postgresql://localhost:5432/network}
21 Mar 2023 08:58:24,095 TRACE OnwardTravel.repository.repository.database.UserDbRepository 63 find - Enter ID of the user to find: 39630fbb-2caa-49b8-8f48-bab8435a2781
21 Mar 2023 08:58:24,096 TRACE OnwardTravel.repository.repository.database.DbUtils 42 getConnection - Enter
21 Mar 2023 08:58:24,096 INFO  OnwardTravel.repository.repository.database.DbUtils 43 getConnection - Getting a connection to the repository.database: jdbc:postgresql://localhost:5432/network
21 Mar 2023 08:58:24,096 TRACE OnwardTravel.repository.repository.database.DbUtils 24 getNewConnection - Enter
21 Mar 2023 08:58:24,096 INFO  OnwardTravel.repository.repository.database.DbUtils 28 getNewConnection - Connecting to the repository.database jdbc:postgresql://localhost:5432/network
21 Mar 2023 08:58:24,096 INFO  OnwardTravel.repository.repository.database.DbUtils 29 getNewConnection - Username: postgres
21 Mar 2023 08:58:24,097 INFO  OnwardTravel.repository.repository.database.DbUtils 30 getNewConnection - Password: postgres
21 Mar 2023 08:58:24,453 TRACE OnwardTravel.repository.repository.database.DbUtils 34 getNewConnection - Exit with(org.postgresql.jdbc.PgConnection@57c2fff8)
21 Mar 2023 08:58:24,454 TRACE OnwardTravel.repository.repository.database.DbUtils 48 getConnection - Exit with(org.postgresql.jdbc.PgConnection@57c2fff8)
21 Mar 2023 08:58:24,460 ERROR OnwardTravel.repository.repository.database.UserDbRepository 77 find - org.postgresql.util.PSQLException: This connection has been closed.
21 Mar 2023 08:58:32,518 TRACE OnwardTravel.repository.repository.database.UserDbRepository 21 <init> - Enter Initializing UserDbRepository with properties: {db.user=postgres, db.pass=postgres, db.url=jdbc:postgresql://localhost:5432/network}
21 Mar 2023 08:58:32,522 TRACE OnwardTravel.repository.repository.database.UserDbRepository 63 find - Enter ID of the user to find: 39630fbb-2caa-49b8-8f48-bab8435a2781
21 Mar 2023 08:58:32,522 TRACE OnwardTravel.repository.repository.database.DbUtils 42 getConnection - Enter
21 Mar 2023 08:58:32,522 INFO  OnwardTravel.repository.repository.database.DbUtils 43 getConnection - Getting a connection to the repository.database: jdbc:postgresql://localhost:5432/network
21 Mar 2023 08:58:32,522 TRACE OnwardTravel.repository.repository.database.DbUtils 24 getNewConnection - Enter
21 Mar 2023 08:58:32,522 INFO  OnwardTravel.repository.repository.database.DbUtils 28 getNewConnection - Connecting to the repository.database jdbc:postgresql://localhost:5432/network
21 Mar 2023 08:58:32,522 INFO  OnwardTravel.repository.repository.database.DbUtils 29 getNewConnection - Username: postgres
21 Mar 2023 08:58:32,523 INFO  OnwardTravel.repository.repository.database.DbUtils 30 getNewConnection - Password: postgres
21 Mar 2023 08:58:32,797 TRACE OnwardTravel.repository.repository.database.DbUtils 34 getNewConnection - Exit with(org.postgresql.jdbc.PgConnection@39c2513c)
21 Mar 2023 08:58:32,803 ERROR OnwardTravel.repository.repository.database.UserDbRepository 77 find - org.postgresql.util.PSQLException: This connection has been closed.
21 Mar 2023 08:59:10,885 TRACE OnwardTravel.repository.repository.database.UserDbRepository 18 <init> - Enter Initializing UserDbRepository with properties: {db.user=postgres, db.pass=postgres, db.url=jdbc:postgresql://localhost:5432/network}
21 Mar 2023 08:59:10,888 TRACE OnwardTravel.repository.repository.database.UserDbRepository 60 find - Enter ID of the user to find: 39630fbb-2caa-49b8-8f48-bab8435a2781
21 Mar 2023 08:59:10,888 TRACE OnwardTravel.repository.repository.database.DbUtils 42 getConnection - Enter
21 Mar 2023 08:59:10,888 INFO  OnwardTravel.repository.repository.database.DbUtils 43 getConnection - Getting a connection to the repository.database: jdbc:postgresql://localhost:5432/network
21 Mar 2023 08:59:10,889 TRACE OnwardTravel.repository.repository.database.DbUtils 24 getNewConnection - Enter
21 Mar 2023 08:59:10,889 INFO  OnwardTravel.repository.repository.database.DbUtils 28 getNewConnection - Connecting to the repository.database jdbc:postgresql://localhost:5432/network
21 Mar 2023 08:59:10,889 INFO  OnwardTravel.repository.repository.database.DbUtils 29 getNewConnection - Username: postgres
21 Mar 2023 08:59:10,889 INFO  OnwardTravel.repository.repository.database.DbUtils 30 getNewConnection - Password: postgres
21 Mar 2023 08:59:11,119 TRACE OnwardTravel.repository.repository.database.DbUtils 34 getNewConnection - Exit with(org.postgresql.jdbc.PgConnection@21b72db)
21 Mar 2023 08:59:11,120 TRACE OnwardTravel.repository.repository.database.DbUtils 48 getConnection - Exit with(org.postgresql.jdbc.PgConnection@21b72db)
21 Mar 2023 08:59:11,125 ERROR OnwardTravel.repository.repository.database.UserDbRepository 75 find - org.postgresql.util.PSQLException: This connection has been closed.
21 Mar 2023 09:10:33,602 TRACE OnwardTravel.repository.repository.database.UserDbRepository 18 <init> - Enter Initializing UserDbRepository with properties: {db.user=postgres, db.pass=postgres, db.url=jdbc:postgresql://localhost:5432/network}
21 Mar 2023 09:10:33,607 TRACE OnwardTravel.repository.repository.database.UserDbRepository 60 find - Enter ID of the user to find: 39630fbb-2caa-49b8-8f48-bab8435a2781
21 Mar 2023 09:10:33,608 TRACE OnwardTravel.repository.repository.database.DbUtils 43 getConnection - Enter
21 Mar 2023 09:10:33,608 INFO  OnwardTravel.repository.repository.database.DbUtils 44 getConnection - Getting a connection to the repository.database: jdbc:postgresql://localhost:5432/network
21 Mar 2023 09:10:33,609 TRACE OnwardTravel.repository.repository.database.DbUtils 24 getNewConnection - Enter
21 Mar 2023 09:10:33,609 INFO  OnwardTravel.repository.repository.database.DbUtils 28 getNewConnection - Connecting to the repository.database jdbc:postgresql://localhost:5432/network
21 Mar 2023 09:10:33,610 INFO  OnwardTravel.repository.repository.database.DbUtils 29 getNewConnection - Username: postgres
21 Mar 2023 09:10:33,610 INFO  OnwardTravel.repository.repository.database.DbUtils 30 getNewConnection - Password: postgres
21 Mar 2023 09:10:34,063 TRACE OnwardTravel.repository.repository.database.DbUtils 35 getNewConnection - Exit with(org.postgresql.jdbc.PgConnection@275da288)
21 Mar 2023 09:10:34,064 TRACE OnwardTravel.repository.repository.database.DbUtils 49 getConnection - Exit with(org.postgresql.jdbc.PgConnection@275da288)
21 Mar 2023 09:10:34,127 TRACE OnwardTravel.repository.repository.database.UserDbRepository 71 find - Exit Didn't find any user with the given identifier
21 Mar 2023 09:13:00,121 TRACE OnwardTravel.repository.repository.database.UserDbRepository 18 <init> - Enter Initializing UserDbRepository with properties: {db.user=postgres, db.pass=postgres, db.url=jdbc:postgresql://localhost:5432/network}
21 Mar 2023 09:13:00,127 TRACE OnwardTravel.repository.repository.database.UserDbRepository 60 find - Enter ID of the user to find: 39630fbb-2caa-49b8-8f48-bab8435a2781
21 Mar 2023 09:13:00,128 TRACE OnwardTravel.repository.repository.database.DbUtils 43 getConnection - Enter
21 Mar 2023 09:13:00,128 INFO  OnwardTravel.repository.repository.database.DbUtils 44 getConnection - Getting a connection to the repository.database: jdbc:postgresql://localhost:5432/network
21 Mar 2023 09:13:00,128 TRACE OnwardTravel.repository.repository.database.DbUtils 24 getNewConnection - Enter
21 Mar 2023 09:13:00,129 INFO  OnwardTravel.repository.repository.database.DbUtils 28 getNewConnection - Connecting to the repository.database jdbc:postgresql://localhost:5432/network
21 Mar 2023 09:13:00,129 INFO  OnwardTravel.repository.repository.database.DbUtils 29 getNewConnection - Username: postgres
21 Mar 2023 09:13:00,129 INFO  OnwardTravel.repository.repository.database.DbUtils 30 getNewConnection - Password: postgres
21 Mar 2023 09:13:00,560 TRACE OnwardTravel.repository.repository.database.DbUtils 35 getNewConnection - Exit with(org.postgresql.jdbc.PgConnection@4caf2a58)
21 Mar 2023 09:13:00,561 TRACE OnwardTravel.repository.repository.database.DbUtils 49 getConnection - Exit with(org.postgresql.jdbc.PgConnection@4caf2a58)
21 Mar 2023 09:13:00,580 TRACE OnwardTravel.repository.repository.database.DbUtils 57 findQueryResult - Enter preparedStatement=SELECT * FROM users WHERE user_id = '39630fbb-2caa-49b8-8f48-bab8435a2781'::uuid extractFunction=OnwardTravel.repository.repository.database.UserDbRepository$$Lambda$418/0x00000001003a6968@36f4f92c
21 Mar 2023 09:13:00,595 TRACE OnwardTravel.repository.repository.database.DbUtils 63 findQueryResult - Exit with([])
21 Mar 2023 09:13:00,597 TRACE OnwardTravel.repository.repository.database.UserDbRepository 66 find - Exit Found user: {}
21 Mar 2023 09:13:30,916 TRACE OnwardTravel.repository.repository.database.UserDbRepository 18 <init> - Enter Initializing UserDbRepository with properties: {db.user=postgres, db.pass=postgres, db.url=jdbc:postgresql://localhost:5432/network}
21 Mar 2023 09:13:30,923 TRACE OnwardTravel.repository.repository.database.UserDbRepository 60 find - Enter ID of the user to find: 39630fbb-2caa-49b8-8f48-bab8435a2781
21 Mar 2023 09:13:30,924 TRACE OnwardTravel.repository.repository.database.DbUtils 43 getConnection - Enter
21 Mar 2023 09:13:30,924 INFO  OnwardTravel.repository.repository.database.DbUtils 44 getConnection - Getting a connection to the repository.database: jdbc:postgresql://localhost:5432/network
21 Mar 2023 09:13:30,925 TRACE OnwardTravel.repository.repository.database.DbUtils 24 getNewConnection - Enter
21 Mar 2023 09:13:30,925 INFO  OnwardTravel.repository.repository.database.DbUtils 28 getNewConnection - Connecting to the repository.database jdbc:postgresql://localhost:5432/network
21 Mar 2023 09:13:30,926 INFO  OnwardTravel.repository.repository.database.DbUtils 29 getNewConnection - Username: postgres
21 Mar 2023 09:13:30,926 INFO  OnwardTravel.repository.repository.database.DbUtils 30 getNewConnection - Password: postgres
21 Mar 2023 09:13:31,352 TRACE OnwardTravel.repository.repository.database.DbUtils 35 getNewConnection - Exit with(org.postgresql.jdbc.PgConnection@1e03b2bb)
21 Mar 2023 09:13:31,353 TRACE OnwardTravel.repository.repository.database.DbUtils 49 getConnection - Exit with(org.postgresql.jdbc.PgConnection@1e03b2bb)
21 Mar 2023 09:13:31,370 TRACE OnwardTravel.repository.repository.database.DbUtils 57 findQueryResult - Enter preparedStatement=SELECT * FROM users WHERE user_id = '39630fbb-2caa-49b8-8f48-bab8435a2781'::uuid extractFunction=OnwardTravel.repository.repository.database.UserDbRepository$$Lambda$416/0x00000001003a5ad0@338b93c0
21 Mar 2023 09:13:31,383 TRACE OnwardTravel.repository.repository.database.DbUtils 63 findQueryResult - Exit with([])
21 Mar 2023 09:13:31,384 TRACE OnwardTravel.repository.repository.database.UserDbRepository 66 find - Exit Found user: {}
21 Mar 2023 09:14:16,220 TRACE OnwardTravel.repository.repository.database.UserDbRepository 18 <init> - Enter Initializing UserDbRepository with properties: {db.user=postgres, db.pass=postgres, db.url=jdbc:postgresql://localhost:5432/network}
21 Mar 2023 09:14:16,225 TRACE OnwardTravel.repository.repository.database.UserDbRepository 60 find - Enter ID of the user to find: 39630fbb-2caa-49b8-8f48-bab8435a2781
21 Mar 2023 09:14:16,226 TRACE OnwardTravel.repository.repository.database.DbUtils 43 getConnection - Enter
21 Mar 2023 09:14:16,226 INFO  OnwardTravel.repository.repository.database.DbUtils 44 getConnection - Getting a connection to the repository.database: jdbc:postgresql://localhost:5432/network
21 Mar 2023 09:14:16,226 TRACE OnwardTravel.repository.repository.database.DbUtils 24 getNewConnection - Enter
21 Mar 2023 09:14:16,227 INFO  OnwardTravel.repository.repository.database.DbUtils 28 getNewConnection - Connecting to the repository.database jdbc:postgresql://localhost:5432/network
21 Mar 2023 09:14:16,227 INFO  OnwardTravel.repository.repository.database.DbUtils 29 getNewConnection - Username: postgres
21 Mar 2023 09:14:16,227 INFO  OnwardTravel.repository.repository.database.DbUtils 30 getNewConnection - Password: postgres
21 Mar 2023 09:14:16,648 TRACE OnwardTravel.repository.repository.database.DbUtils 35 getNewConnection - Exit with(org.postgresql.jdbc.PgConnection@177b15eb)
21 Mar 2023 09:14:16,649 TRACE OnwardTravel.repository.repository.database.DbUtils 49 getConnection - Exit with(org.postgresql.jdbc.PgConnection@177b15eb)
21 Mar 2023 09:14:16,663 TRACE OnwardTravel.repository.repository.database.DbUtils 57 findQueryResult - Enter preparedStatement=SELECT * FROM users WHERE user_id = '39630fbb-2caa-49b8-8f48-bab8435a2781'::uuid extractFunction=OnwardTravel.repository.repository.database.UserDbRepository$$Lambda$416/0x00000001003a9ce8@5a1d7dd9
21 Mar 2023 09:14:16,674 TRACE OnwardTravel.repository.repository.database.DbUtils 64 findQueryResult - Exit with([])
21 Mar 2023 09:14:16,675 TRACE OnwardTravel.repository.repository.database.UserDbRepository 65 find - Exit Found user: {}
21 Mar 2023 09:15:16,200 TRACE OnwardTravel.repository.repository.database.UserDbRepository 18 <init> - Enter Initializing UserDbRepository with properties: {db.user=postgres, db.pass=postgres, db.url=jdbc:postgresql://localhost:5432/network}
21 Mar 2023 09:15:16,204 TRACE OnwardTravel.repository.repository.database.UserDbRepository 60 find - Enter ID of the user to find: 39630fbb-2caa-49b8-8f48-bab8435a2781
21 Mar 2023 09:15:16,205 TRACE OnwardTravel.repository.repository.database.DbUtils 43 getConnection - Enter
21 Mar 2023 09:15:16,205 INFO  OnwardTravel.repository.repository.database.DbUtils 44 getConnection - Getting a connection to the repository.database: jdbc:postgresql://localhost:5432/network
21 Mar 2023 09:15:16,206 TRACE OnwardTravel.repository.repository.database.DbUtils 24 getNewConnection - Enter
21 Mar 2023 09:15:16,206 INFO  OnwardTravel.repository.repository.database.DbUtils 28 getNewConnection - Connecting to the repository.database jdbc:postgresql://localhost:5432/network
21 Mar 2023 09:15:16,206 INFO  OnwardTravel.repository.repository.database.DbUtils 29 getNewConnection - Username: postgres
21 Mar 2023 09:15:16,206 INFO  OnwardTravel.repository.repository.database.DbUtils 30 getNewConnection - Password: postgres
21 Mar 2023 09:15:16,616 TRACE OnwardTravel.repository.repository.database.DbUtils 35 getNewConnection - Exit with(org.postgresql.jdbc.PgConnection@49049047)
21 Mar 2023 09:15:16,617 TRACE OnwardTravel.repository.repository.database.DbUtils 49 getConnection - Exit with(org.postgresql.jdbc.PgConnection@49049047)
21 Mar 2023 09:15:16,631 TRACE OnwardTravel.repository.repository.database.DbUtils 57 findQueryResult - Enter preparedStatement=SELECT * FROM users WHERE user_id = '39630fbb-2caa-49b8-8f48-bab8435a2781'::uuid extractFunction=OnwardTravel.repository.repository.database.UserDbRepository$$Lambda$418/0x00000001003a5aa0@78fcf330
21 Mar 2023 09:15:16,644 TRACE OnwardTravel.repository.repository.database.DbUtils 64 findQueryResult - Exit with([])
21 Mar 2023 09:15:16,644 TRACE OnwardTravel.repository.repository.database.UserDbRepository 65 find - Exit Found user: {}
21 Mar 2023 09:28:38,555 TRACE OnwardTravel.repository.repository.database.UserDbRepository 18 <init> - Enter Initializing UserDbRepository with properties: {db.user=postgres, db.pass=postgres, db.url=jdbc:postgresql://localhost:5432/network}
21 Mar 2023 09:28:38,559 TRACE OnwardTravel.repository.repository.database.UserDbRepository 60 find - Enter ID of the user to find: 39630fbb-2caa-49b8-8f48-bab8435a2781
21 Mar 2023 09:28:38,559 TRACE OnwardTravel.repository.repository.database.DbUtils 43 getConnection - Enter
21 Mar 2023 09:28:38,560 INFO  OnwardTravel.repository.repository.database.DbUtils 44 getConnection - Getting a connection to the repository.database: jdbc:postgresql://localhost:5432/network
21 Mar 2023 09:28:38,560 TRACE OnwardTravel.repository.repository.database.DbUtils 24 getNewConnection - Enter
21 Mar 2023 09:28:38,561 INFO  OnwardTravel.repository.repository.database.DbUtils 28 getNewConnection - Connecting to the repository.database jdbc:postgresql://localhost:5432/network
21 Mar 2023 09:28:38,561 INFO  OnwardTravel.repository.repository.database.DbUtils 29 getNewConnection - Username: postgres
21 Mar 2023 09:28:38,561 INFO  OnwardTravel.repository.repository.database.DbUtils 30 getNewConnection - Password: postgres
21 Mar 2023 09:28:38,904 TRACE OnwardTravel.repository.repository.database.DbUtils 35 getNewConnection - Exit with(org.postgresql.jdbc.PgConnection@21e591ee)
21 Mar 2023 09:28:38,904 TRACE OnwardTravel.repository.repository.database.DbUtils 49 getConnection - Exit with(org.postgresql.jdbc.PgConnection@21e591ee)
21 Mar 2023 09:28:38,917 TRACE OnwardTravel.repository.repository.database.DbUtils 57 findQueryResult - Enter preparedStatement=SELECT * FROM users WHERE user_id = '39630fbb-2caa-49b8-8f48-bab8435a2781'::uuid extractFunction=OnwardTravel.repository.repository.database.UserDbRepository$$Lambda$418/0x00000001003a9eb8@44d6dbe6
21 Mar 2023 09:28:38,929 TRACE OnwardTravel.repository.repository.database.DbUtils 63 findQueryResult - Exit with([])
21 Mar 2023 09:28:38,930 TRACE OnwardTravel.repository.repository.database.UserDbRepository 65 find - Exit Found user: {}
21 Mar 2023 09:28:39,661 TRACE OnwardTravel.repository.repository.database.UserDbRepository 18 <init> - Enter Initializing UserDbRepository with properties: {db.user=postgres, db.pass=postgres, db.url=jdbc:postgresql://localhost:5432/network}
21 Mar 2023 09:28:39,661 TRACE OnwardTravel.repository.repository.database.UserDbRepository 60 find - Enter ID of the user to find: 39630fbb-2caa-49b8-8f48-bab8435a2781
21 Mar 2023 09:28:39,662 TRACE OnwardTravel.repository.repository.database.DbUtils 43 getConnection - Enter
21 Mar 2023 09:28:39,662 INFO  OnwardTravel.repository.repository.database.DbUtils 44 getConnection - Getting a connection to the repository.database: jdbc:postgresql://localhost:5432/network
21 Mar 2023 09:28:39,663 TRACE OnwardTravel.repository.repository.database.DbUtils 49 getConnection - Exit with(org.postgresql.jdbc.PgConnection@21e591ee)
21 Mar 2023 09:28:39,663 TRACE OnwardTravel.repository.repository.database.DbUtils 57 findQueryResult - Enter preparedStatement=SELECT * FROM users WHERE user_id = '39630fbb-2caa-49b8-8f48-bab8435a2781'::uuid extractFunction=OnwardTravel.repository.repository.database.UserDbRepository$$Lambda$418/0x00000001003a9eb8@44d6dbe6
21 Mar 2023 09:28:39,664 TRACE OnwardTravel.repository.repository.database.DbUtils 63 findQueryResult - Exit with([])
21 Mar 2023 09:28:39,664 TRACE OnwardTravel.repository.repository.database.UserDbRepository 65 find - Exit Found user: {}
21 Mar 2023 09:29:31,369 TRACE OnwardTravel.repository.repository.database.UserDbRepository 18 <init> - Enter Initializing UserDbRepository with properties: {db.user=postgres, db.pass=postgres, db.url=jdbc:postgresql://localhost:5432/network}
21 Mar 2023 09:29:31,374 TRACE OnwardTravel.repository.repository.database.UserDbRepository 60 find - Enter ID of the user to find: 39630fbb-2caa-49b8-8f48-bab8435a2781
21 Mar 2023 09:29:31,375 TRACE OnwardTravel.repository.repository.database.DbUtils 43 getConnection - Enter
21 Mar 2023 09:29:31,375 INFO  OnwardTravel.repository.repository.database.DbUtils 44 getConnection - Getting a connection to the repository.database: jdbc:postgresql://localhost:5432/network
21 Mar 2023 09:29:31,375 TRACE OnwardTravel.repository.repository.database.DbUtils 24 getNewConnection - Enter
21 Mar 2023 09:29:31,375 INFO  OnwardTravel.repository.repository.database.DbUtils 28 getNewConnection - Connecting to the repository.database jdbc:postgresql://localhost:5432/network
21 Mar 2023 09:29:31,376 INFO  OnwardTravel.repository.repository.database.DbUtils 29 getNewConnection - Username: postgres
21 Mar 2023 09:29:31,376 INFO  OnwardTravel.repository.repository.database.DbUtils 30 getNewConnection - Password: postgres
21 Mar 2023 09:29:31,840 TRACE OnwardTravel.repository.repository.database.DbUtils 35 getNewConnection - Exit with(org.postgresql.jdbc.PgConnection@57c2fff8)
21 Mar 2023 09:29:31,841 TRACE OnwardTravel.repository.repository.database.DbUtils 49 getConnection - Exit with(org.postgresql.jdbc.PgConnection@57c2fff8)
21 Mar 2023 09:29:31,858 TRACE OnwardTravel.repository.repository.database.DbUtils 57 findQueryResult - Enter preparedStatement=SELECT * FROM users WHERE user_id = '39630fbb-2caa-49b8-8f48-bab8435a2781'::uuid extractFunction=OnwardTravel.repository.repository.database.UserDbRepository$$Lambda$416/0x00000001003a9ce8@7a4747d2
21 Mar 2023 09:29:31,880 TRACE OnwardTravel.repository.repository.database.DbUtils 63 findQueryResult - Exit with([])
21 Mar 2023 09:29:31,882 TRACE OnwardTravel.repository.repository.database.UserDbRepository 65 find - Exit Found user: {}
21 Mar 2023 09:33:25,523 TRACE OnwardTravel.repository.repository.database.UserDbRepository 18 <init> - Enter Initializing UserDbRepository with properties: {db.user=postgres, db.pass=postgres, db.url=jdbc:postgresql://localhost:5432/network}
21 Mar 2023 09:33:25,528 TRACE OnwardTravel.repository.repository.database.UserDbRepository 60 find - Enter ID of the user to find: 39630fbb-2caa-49b8-8f48-bab8435a2781
21 Mar 2023 09:33:25,528 TRACE OnwardTravel.repository.repository.database.DbUtils 43 getConnection - Enter
21 Mar 2023 09:33:25,529 INFO  OnwardTravel.repository.repository.database.DbUtils 44 getConnection - Getting a connection to the repository.database: jdbc:postgresql://localhost:5432/network
21 Mar 2023 09:33:25,529 TRACE OnwardTravel.repository.repository.database.DbUtils 24 getNewConnection - Enter
21 Mar 2023 09:33:25,530 INFO  OnwardTravel.repository.repository.database.DbUtils 28 getNewConnection - Connecting to the repository.database jdbc:postgresql://localhost:5432/network
21 Mar 2023 09:33:25,530 INFO  OnwardTravel.repository.repository.database.DbUtils 29 getNewConnection - Username: postgres
21 Mar 2023 09:33:25,531 INFO  OnwardTravel.repository.repository.database.DbUtils 30 getNewConnection - Password: postgres
21 Mar 2023 09:33:26,018 TRACE OnwardTravel.repository.repository.database.DbUtils 35 getNewConnection - Exit with(org.postgresql.jdbc.PgConnection@87266f1)
21 Mar 2023 09:33:26,019 TRACE OnwardTravel.repository.repository.database.DbUtils 49 getConnection - Exit with(org.postgresql.jdbc.PgConnection@87266f1)
21 Mar 2023 09:35:36,353 TRACE OnwardTravel.repository.repository.database.UserDbRepository 18 <init> - Enter Initializing UserDbRepository with properties: {db.user=postgres, db.pass=postgres, db.url=jdbc:postgresql://localhost:5432/network}
21 Mar 2023 09:35:36,358 TRACE OnwardTravel.repository.repository.database.UserDbRepository 60 find - Enter ID of the user to find: 39630fbb-2caa-49b8-8f48-bab8435a2781
21 Mar 2023 09:35:36,359 TRACE OnwardTravel.repository.repository.database.DbUtils 43 getConnection - Enter
21 Mar 2023 09:35:36,360 INFO  OnwardTravel.repository.repository.database.DbUtils 44 getConnection - Getting a connection to the repository.database: jdbc:postgresql://localhost:5432/network
21 Mar 2023 09:35:36,360 TRACE OnwardTravel.repository.repository.database.DbUtils 24 getNewConnection - Enter
21 Mar 2023 09:35:36,361 INFO  OnwardTravel.repository.repository.database.DbUtils 28 getNewConnection - Connecting to the repository.database jdbc:postgresql://localhost:5432/network
21 Mar 2023 09:35:36,361 INFO  OnwardTravel.repository.repository.database.DbUtils 29 getNewConnection - Username: postgres
21 Mar 2023 09:35:36,362 INFO  OnwardTravel.repository.repository.database.DbUtils 30 getNewConnection - Password: postgres
21 Mar 2023 09:35:36,749 TRACE OnwardTravel.repository.repository.database.DbUtils 35 getNewConnection - Exit with(org.postgresql.jdbc.PgConnection@47873e75)
21 Mar 2023 09:35:36,750 TRACE OnwardTravel.repository.repository.database.DbUtils 49 getConnection - Exit with(org.postgresql.jdbc.PgConnection@47873e75)
21 Mar 2023 09:37:15,728 TRACE OnwardTravel.repository.repository.database.UserDbRepository 18 <init> - Enter Initializing UserDbRepository with properties: {db.user=postgres, db.pass=postgres, db.url=jdbc:postgresql://localhost:5432/network}
21 Mar 2023 09:37:15,735 TRACE OnwardTravel.repository.repository.database.UserDbRepository 60 find - Enter ID of the user to find: 39630fbb-2caa-49b8-8f48-bab8435a2781
21 Mar 2023 09:37:15,735 TRACE OnwardTravel.repository.repository.database.DbUtils 43 getConnection - Enter
21 Mar 2023 09:37:15,735 INFO  OnwardTravel.repository.repository.database.DbUtils 44 getConnection - Getting a connection to the repository.database: jdbc:postgresql://localhost:5432/network
21 Mar 2023 09:37:15,736 TRACE OnwardTravel.repository.repository.database.DbUtils 24 getNewConnection - Enter
21 Mar 2023 09:37:15,737 INFO  OnwardTravel.repository.repository.database.DbUtils 28 getNewConnection - Connecting to the repository.database jdbc:postgresql://localhost:5432/network
21 Mar 2023 09:37:15,737 INFO  OnwardTravel.repository.repository.database.DbUtils 29 getNewConnection - Username: postgres
21 Mar 2023 09:37:15,737 INFO  OnwardTravel.repository.repository.database.DbUtils 30 getNewConnection - Password: postgres
21 Mar 2023 09:37:16,171 TRACE OnwardTravel.repository.repository.database.DbUtils 35 getNewConnection - Exit with(org.postgresql.jdbc.PgConnection@212a28a0)
21 Mar 2023 09:37:16,172 TRACE OnwardTravel.repository.repository.database.DbUtils 49 getConnection - Exit with(org.postgresql.jdbc.PgConnection@212a28a0)
21 Mar 2023 09:37:16,205 TRACE OnwardTravel.repository.repository.database.UserDbRepository 23 extractUser - Enter
21 Mar 2023 09:37:16,209 ERROR OnwardTravel.repository.repository.database.UserDbRepository 30 extractUser - org.postgresql.util.PSQLException: The column name username was not found in this ResultSet.
21 Mar 2023 09:40:03,442 TRACE OnwardTravel.repository.repository.database.UserDbRepository 18 <init> - Enter Initializing UserDbRepository with properties: {db.user=postgres, db.pass=postgres, db.url=jdbc:postgresql://localhost:5432/network}
21 Mar 2023 09:40:03,446 TRACE OnwardTravel.repository.repository.database.UserDbRepository 60 find - Enter ID of the user to find: 39630fbb-2caa-49b8-8f48-bab8435a2781
21 Mar 2023 09:40:03,447 TRACE OnwardTravel.repository.repository.database.DbUtils 43 getConnection - Enter
21 Mar 2023 09:40:03,447 INFO  OnwardTravel.repository.repository.database.DbUtils 44 getConnection - Getting a connection to the repository.database: jdbc:postgresql://localhost:5432/network
21 Mar 2023 09:40:03,447 TRACE OnwardTravel.repository.repository.database.DbUtils 24 getNewConnection - Enter
21 Mar 2023 09:40:03,448 INFO  OnwardTravel.repository.repository.database.DbUtils 28 getNewConnection - Connecting to the repository.database jdbc:postgresql://localhost:5432/network
21 Mar 2023 09:40:03,448 INFO  OnwardTravel.repository.repository.database.DbUtils 29 getNewConnection - Username: postgres
21 Mar 2023 09:40:03,448 INFO  OnwardTravel.repository.repository.database.DbUtils 30 getNewConnection - Password: postgres
21 Mar 2023 09:40:03,937 TRACE OnwardTravel.repository.repository.database.DbUtils 35 getNewConnection - Exit with(org.postgresql.jdbc.PgConnection@7f5bd8b4)
21 Mar 2023 09:40:03,937 TRACE OnwardTravel.repository.repository.database.DbUtils 49 getConnection - Exit with(org.postgresql.jdbc.PgConnection@7f5bd8b4)
21 Mar 2023 09:40:03,960 ERROR OnwardTravel.repository.repository.database.UserDbRepository 80 find - org.postgresql.util.PSQLException: ERROR: relation "onward_users" does not exist
  Position: 15
21 Mar 2023 09:40:58,299 TRACE OnwardTravel.repository.repository.database.UserDbRepository 18 <init> - Enter Initializing UserDbRepository with properties: {db.user=postgres, db.pass=postgres, db.url=jdbc:postgresql://localhost:5432/network}
21 Mar 2023 09:40:58,306 TRACE OnwardTravel.repository.repository.database.UserDbRepository 60 find - Enter ID of the user to find: 39630fbb-2caa-49b8-8f48-bab8435a2781
21 Mar 2023 09:40:58,306 TRACE OnwardTravel.repository.repository.database.DbUtils 43 getConnection - Enter
21 Mar 2023 09:40:58,307 INFO  OnwardTravel.repository.repository.database.DbUtils 44 getConnection - Getting a connection to the repository.database: jdbc:postgresql://localhost:5432/network
21 Mar 2023 09:40:58,307 TRACE OnwardTravel.repository.repository.database.DbUtils 24 getNewConnection - Enter
21 Mar 2023 09:40:58,308 INFO  OnwardTravel.repository.repository.database.DbUtils 28 getNewConnection - Connecting to the repository.database jdbc:postgresql://localhost:5432/network
21 Mar 2023 09:40:58,308 INFO  OnwardTravel.repository.repository.database.DbUtils 29 getNewConnection - Username: postgres
21 Mar 2023 09:40:58,308 INFO  OnwardTravel.repository.repository.database.DbUtils 30 getNewConnection - Password: postgres
21 Mar 2023 09:40:58,861 TRACE OnwardTravel.repository.repository.database.DbUtils 35 getNewConnection - Exit with(org.postgresql.jdbc.PgConnection@2dbd2d8b)
21 Mar 2023 09:40:58,862 TRACE OnwardTravel.repository.repository.database.DbUtils 49 getConnection - Exit with(org.postgresql.jdbc.PgConnection@2dbd2d8b)
21 Mar 2023 09:40:58,885 ERROR OnwardTravel.repository.repository.database.UserDbRepository 80 find - org.postgresql.util.PSQLException: ERROR: relation "onward_users" does not exist
  Position: 15
21 Mar 2023 09:42:21,259 TRACE OnwardTravel.repository.repository.database.UserDbRepository 18 <init> - Enter Initializing UserDbRepository with properties: {db.user=postgres, db.pass=postgres, db.url=jdbc:postgresql://localhost:5432/network}
21 Mar 2023 09:42:21,266 TRACE OnwardTravel.repository.repository.database.UserDbRepository 97 tryLogin - Enter Username of the user who is trying to log in: admin
21 Mar 2023 09:42:21,266 TRACE OnwardTravel.repository.repository.database.DbUtils 43 getConnection - Enter
21 Mar 2023 09:42:21,267 INFO  OnwardTravel.repository.repository.database.DbUtils 44 getConnection - Getting a connection to the repository.database: jdbc:postgresql://localhost:5432/network
21 Mar 2023 09:42:21,267 TRACE OnwardTravel.repository.repository.database.DbUtils 24 getNewConnection - Enter
21 Mar 2023 09:42:21,267 INFO  OnwardTravel.repository.repository.database.DbUtils 28 getNewConnection - Connecting to the repository.database jdbc:postgresql://localhost:5432/network
21 Mar 2023 09:42:21,267 INFO  OnwardTravel.repository.repository.database.DbUtils 29 getNewConnection - Username: postgres
21 Mar 2023 09:42:21,268 INFO  OnwardTravel.repository.repository.database.DbUtils 30 getNewConnection - Password: postgres
21 Mar 2023 09:42:21,650 TRACE OnwardTravel.repository.repository.database.DbUtils 35 getNewConnection - Exit with(org.postgresql.jdbc.PgConnection@1b39dec6)
21 Mar 2023 09:42:21,651 TRACE OnwardTravel.repository.repository.database.DbUtils 49 getConnection - Exit with(org.postgresql.jdbc.PgConnection@1b39dec6)
21 Mar 2023 09:42:21,666 TRACE OnwardTravel.repository.repository.database.DbUtils 57 findQueryResult - Enter preparedStatement=SELECT * FROM users WHERE username = 'admin' AND password = 'jGl25bVBBBW96Qi9Te4V37Fnqchz/Eu4qB9vKrRIqRg=' extractFunction=OnwardTravel.repository.repository.database.UserDbRepository$$Lambda$415/0x00000001003a4f00@74376e7d
21 Mar 2023 09:42:21,674 ERROR OnwardTravel.repository.repository.database.DbUtils 66 findQueryResult - org.postgresql.util.PSQLException: ERROR: column "username" does not exist
  Position: 27
21 Mar 2023 09:45:08,529 TRACE OnwardTravel.repository.repository.database.UserDbRepository 18 <init> - Enter Initializing UserDbRepository with properties: {db.user=postgres, db.pass=postgres, db.url=jdbc:postgresql://localhost:5432/network}
21 Mar 2023 09:45:08,565 TRACE OnwardTravel.repository.repository.database.UserDbRepository 97 tryLogin - Enter Username of the user who is trying to log in: admin
21 Mar 2023 09:45:08,565 TRACE OnwardTravel.repository.repository.database.DbUtils 43 getConnection - Enter
21 Mar 2023 09:45:08,565 INFO  OnwardTravel.repository.repository.database.DbUtils 44 getConnection - Getting a connection to the repository.database: jdbc:postgresql://localhost:5432/network
21 Mar 2023 09:45:08,566 TRACE OnwardTravel.repository.repository.database.DbUtils 24 getNewConnection - Enter
21 Mar 2023 09:45:08,566 INFO  OnwardTravel.repository.repository.database.DbUtils 28 getNewConnection - Connecting to the repository.database jdbc:postgresql://localhost:5432/network
21 Mar 2023 09:45:08,567 INFO  OnwardTravel.repository.repository.database.DbUtils 29 getNewConnection - Username: postgres
21 Mar 2023 09:45:08,567 INFO  OnwardTravel.repository.repository.database.DbUtils 30 getNewConnection - Password: postgres
21 Mar 2023 09:45:09,000 TRACE OnwardTravel.repository.repository.database.DbUtils 35 getNewConnection - Exit with(org.postgresql.jdbc.PgConnection@6035b93b)
21 Mar 2023 09:45:09,000 TRACE OnwardTravel.repository.repository.database.DbUtils 49 getConnection - Exit with(org.postgresql.jdbc.PgConnection@6035b93b)
21 Mar 2023 09:45:09,014 TRACE OnwardTravel.repository.repository.database.DbUtils 57 findQueryResult - Enter preparedStatement=SELECT * FROM users WHERE username = 'admin' AND password = 'jGl25bVBBBW96Qi9Te4V37Fnqchz/Eu4qB9vKrRIqRg=' extractFunction=OnwardTravel.repository.repository.database.UserDbRepository$$Lambda$211/0x000000010026b0e0@60a2630a
21 Mar 2023 09:45:09,027 ERROR OnwardTravel.repository.repository.database.DbUtils 66 findQueryResult - org.postgresql.util.PSQLException: ERROR: column "username" does not exist
  Position: 27
21 Mar 2023 09:45:36,944 TRACE OnwardTravel.repository.repository.database.UserDbRepository 18 <init> - Enter Initializing UserDbRepository with properties: {db.user=postgres, db.pass=postgres, db.url=jdbc:postgresql://localhost:5432/onward_travel}
21 Mar 2023 09:45:36,971 TRACE OnwardTravel.repository.repository.database.UserDbRepository 97 tryLogin - Enter Username of the user who is trying to log in: admin
21 Mar 2023 09:45:36,972 TRACE OnwardTravel.repository.repository.database.DbUtils 43 getConnection - Enter
21 Mar 2023 09:45:36,972 INFO  OnwardTravel.repository.repository.database.DbUtils 44 getConnection - Getting a connection to the repository.database: jdbc:postgresql://localhost:5432/onward_travel
21 Mar 2023 09:45:36,973 TRACE OnwardTravel.repository.repository.database.DbUtils 24 getNewConnection - Enter
21 Mar 2023 09:45:36,973 INFO  OnwardTravel.repository.repository.database.DbUtils 28 getNewConnection - Connecting to the repository.database jdbc:postgresql://localhost:5432/onward_travel
21 Mar 2023 09:45:36,974 INFO  OnwardTravel.repository.repository.database.DbUtils 29 getNewConnection - Username: postgres
21 Mar 2023 09:45:36,974 INFO  OnwardTravel.repository.repository.database.DbUtils 30 getNewConnection - Password: postgres
21 Mar 2023 09:45:37,334 TRACE OnwardTravel.repository.repository.database.DbUtils 35 getNewConnection - Exit with(org.postgresql.jdbc.PgConnection@3e10dc6)
21 Mar 2023 09:45:37,335 TRACE OnwardTravel.repository.repository.database.DbUtils 49 getConnection - Exit with(org.postgresql.jdbc.PgConnection@3e10dc6)
21 Mar 2023 09:45:37,345 TRACE OnwardTravel.repository.repository.database.DbUtils 57 findQueryResult - Enter preparedStatement=SELECT * FROM users WHERE username = 'admin' AND password = 'jGl25bVBBBW96Qi9Te4V37Fnqchz/Eu4qB9vKrRIqRg=' extractFunction=OnwardTravel.repository.repository.database.UserDbRepository$$Lambda$210/0x0000000100267290@3f792b9b
21 Mar 2023 09:45:37,361 TRACE OnwardTravel.repository.repository.database.UserDbRepository 23 extractUser - Enter Result set: org.postgresql.jdbc.PgResultSet@4d18aa28
21 Mar 2023 09:45:37,363 TRACE OnwardTravel.repository.repository.database.UserDbRepository 28 extractUser - Exit with(OnwardTravel.models.models.User@7756c3cd)
21 Mar 2023 09:45:37,363 TRACE OnwardTravel.repository.repository.database.DbUtils 64 findQueryResult - Exit with([OnwardTravel.models.models.User@7756c3cd])
21 Mar 2023 09:45:37,364 TRACE OnwardTravel.repository.repository.database.UserDbRepository 103 tryLogin - Exit Logged in user: OnwardTravel.models.models.User@7756c3cd
