     1                                  bits 32 ; assembling for the 32 bits architecture
     2                                  
     3                                  ; declare the EntryPoint (a label defining the very first instruction of the program)
     4                                  global start        
     5                                  
     6                                  ; declare external functions needed by our program
     7                                  extern exit               ; tell nasm that exit exists even if we won't be defining it
     8                                  import exit msvcrt.dll    ; exit is a function that ends the calling process. It is defined in msvcrt.dll
     9                                                            ; msvcrt.dll contains exit, printf and all the other important C-runtime specific functions
    10                                  
    11                                  ; our data is declared here (the variables needed by our program)
    12                                  segment data use32 class=data
    13 00000000 5D000000                    a dd 1011101b
    14 00000004 D5010000                    b dd 111010101b
    15                                  
    16                                  ; our code starts here
    17                                  segment code use32 class=code
    18                                      start:
    19 00000000 A1[00000000]                    mov EAX, [a]
    20 00000005 0305[04000000]                  add EAX, [b]
    21                                      
    22                                          ; exit(0)
    23 0000000B 6A00                            push    dword 0      ; push the parameter for exit onto the stack
    24 0000000D FF15[00000000]                  call    [exit]       ; call exit to terminate the program
