     1                                  bits 32
     2                                  
     3                                  
     4                                  global start        
     5                                  
     6                                  extern exit, fopen, fprintf, fclose, scanf, printf
     7                                  import exit msvcrt.dll
     8                                  import fopen msvcrt.dll 
     9                                  import fprintf msvcrt.dll 
    10                                  import scanf msvcrt.dll 
    11                                  import fclose msvcrt.dll 
    12                                  import printf msvcrt.dll 
    13                                  
    14                                  segment data use32 class=data
    15 00000000 00000000                    a dd 0
    16 00000004 00000000                    aux dd 0
    17 00000008 256300                      format db "%c", 0
    18 0000000B 256400                      format2 db "%d", 0
    19                                  segment code use32 class=code
    20                                      start:
    21 00000000 68[00000000]                    push dword a
    22 00000005 68[0B000000]                    push dword format2
    23 0000000A FF15[00000000]                  call [scanf]
    24 00000010 83C408                          add ESP, 4 * 2
    25                                          
    26 00000013 A1[00000000]                    mov EAX, [a]
    27                                          
    28 00000018 50                              push EAX
    29 00000019 68[0B000000]                    push dword format2
    30 0000001E FF15[00000000]                  call [printf]
    31 00000024 83C404                          add ESP, 4 * 1
    32 00000027 58                              pop EAX
    33 00000028 83C404                          add ESP, 4 * 1
    34                                            
    35 0000002B 50                              push EAX
    36 0000002C 68[08000000]                    push dword format
    37 00000031 FF15[00000000]                  call [printf]
    38 00000037 83C404                          add ESP, 4 * 1
    39 0000003A 58                              pop EAX
    40 0000003B 83C404                          add ESP, 4 * 1
    41                                          
    42 0000003E 6A00                        push    dword 0     
    43 00000040 FF15[00000000]              call    [exit]   
